<?xml version="1.0" encoding="UTF-8"?>
<Site BuildName="Win32-mingw32-make"
	BuildStamp="20240329-0829-Experimental"
	Name="3V0"
	Generator="ctest-3.28.3"
	CompilerName="C:/ProgramData/mingw64/mingw64/bin/g++.exe"
	CompilerVersion=""
	OSName="Windows"
	Hostname="3V0"
	OSRelease=" Personal"
	OSVersion=" (Build 22631)"
	OSPlatform="AMD64"
	Is64Bits="1"
	VendorString="GenuineIntel"
	VendorID="Intel Corporation"
	FamilyID="6"
	ModelID="10"
	ProcessorCacheSize="-1"
	NumberOfLogicalCPU="20"
	NumberOfPhysicalCPU="14"
	TotalVirtualMemory="34487"
	TotalPhysicalMemory="32439"
	LogicalProcessorsPerPhysical="1"
	ProcessorClockFrequency="2918"
	>
	<Testing>
		<StartDateTime>Mar 29 19:12 Romance Standard Time</StartDateTime>
		<StartTestTime>1711735949</StartTestTime>
		<TestList/>
		<EndDateTime>Mar 29 19:12 Romance Standard Time</EndDateTime>
		<EndTestTime>1711735949</EndTestTime>
		<ElapsedMinutes>0</ElapsedMinutes>
	</Testing>
</Site>
